GROUP,PACKAGE,CLASS,INSTRUCTION_MISSED,INSTRUCTION_COVERED,BRANCH_MISSED,BRANCH_COVERED,LINE_MISSED,LINE_COVERED,COMPLEXITY_MISSED,COMPLEXITY_COVERED,METHOD_MISSED,METHOD_COVERED
correotp_2023,com.correotp,BandejaEntrada,14,0,0,0,4,0,2,0,2,0
correotp_2023,com.correotp,BandejaSalida,0,16,0,0,0,5,0,3,0,3
correotp_2023,com.correotp,Email,0,48,0,0,0,19,0,9,0,9
correotp_2023,com.correotp,Enviar,3,0,0,0,1,0,1,0,1,0
correotp_2023,com.correotp,MailManager,3,0,0,0,1,0,1,0,1,0
correotp_2023,com.correotp,Filtros,3,0,0,0,1,0,1,0,1,0
correotp_2023,com.correotp,Main,7,0,0,0,3,0,2,0,2,0
correotp_2023,com.correotp,Contacto,0,23,0,0,0,10,0,5,0,5
